#
# An unexpected error has been detected by HotSpot Virtual Machine:
#
#  EXCEPTION_ACCESS_VIOLATION (0xc0000005) at pc=0x7c9106c3, pid=4880, tid=5748
#
# Java VM: Java HotSpot(TM) Client VM (1.5.0_07-b03 mixed mode)
# Problematic frame:
# C  [ntdll.dll+0x106c3]
#

---------------  T H R E A D  ---------------

Current thread (0x01672130):  JavaThread "Thread-18" [_thread_in_native, id=5748]

siginfo: ExceptionCode=0xc0000005, writing address 0x5d09e0fb

Registers:
EAX=0x5d09e008, EBX=0x00050000, ECX=0x00000010, EDX=0x03340018
ESP=0x1220e064, EBP=0x1220e284, ESI=0x5d09e0fd, EDI=0x5d09e0f5
EIP=0x7c9106c3, EFLAGS=0x00010202

Top of Stack: (sp=0x1220e064)
0x1220e064:   00000000 00094ed8 00000000 1220e094
0x1220e074:   605d1f83 00000dc4 1220e0cc 00000000
0x1220e084:   1220e0b4 605d1f8e 000c0a9c 00000d6c
0x1220e094:   1220e1d4 0000ca6f 1220e1d4 605d2290
0x1220e0a4:   00000d6c 605d156c 000c0a98 00000000
0x1220e0b4:   605d1154 00000d6c 605d1154 00000dc4
0x1220e0c4:   00000001 00000000 312d534d 2d333330
0x1220e0d4:   442d3136 004b5345 7ffde000 7ffa4000 

Instructions: (pc=0x7c9106c3)
0x7c9106b3:   84 5d 0f 00 00 8d 7e f8 8a 45 dc 8b 4d 10 2a c1
0x7c9106c3:   88 47 06 8b c7 c1 e8 03 32 43 04 88 47 04 f6 45 


Stack: [0x12190000,0x12210000),  sp=0x1220e064,  free space=504k
Native frames: (J=compiled Java code, j=interpreted, Vv=VM code, C=native code)
C  [ntdll.dll+0x106c3]
C  [kernel32.dll+0x99df]
C  [MSCTF.dll+0x25c2]
C  [MSCTF.dll+0x25ab]
C  [MSCTF.dll+0x1f2d4]
C  [MSCTF.dll+0x1d7b7]
C  [MSCTF.dll+0x1fb2e]
C  [USER32.dll+0x8734]
C  [USER32.dll+0x8816]
C  [USER32.dll+0x89cd]
C  [USER32.dll+0x8a10]
C  [USER32.dll+0x1dbbf]
C  [USER32.dll+0x1593f]
C  [USER32.dll+0x15981]
C  [USER32.dll+0x2204d]
C  [comdlg32.dll+0x35de]
C  [comdlg32.dll+0x33e5]
C  [comdlg32.dll+0x33bc]
C  [comdlg32.dll+0x3236]
C  [comdlg32.dll+0x313a]

Java frames: (J=compiled Java code, j=interpreted, Vv=VM code)
j  com.mathworks.util.NativeJava.createWindowsFileDialogMulti(JZLjava/lang/String;Ljava/lang/String;Ljava/lang/String;Ljava/lang/String;ZZLjava/lang/String;)Ljava/lang/String;+0
j  com.mathworks.mwswing.MJFileChooserPerPlatform$RunnableWindowsDispatch.run()V+33
j  java.lang.Thread.run()V+11
v  ~StubRoutines::call_stub

---------------  P R O C E S S  ---------------

Java Threads: ( => current thread )
=>0x01672130 JavaThread "Thread-18" [_thread_in_native, id=5748]
  0x0166bb70 JavaThread "Inactive RequestProcessor thread [Was:TimedSoftReference/org.openide.util.TimedSoftReference]" daemon [_thread_blocked, id=4212]
  0x016554f0 JavaThread "Thread-17" [_thread_blocked, id=3300]
  0x01652e70 JavaThread "Active Reference Queue Daemon" daemon [_thread_blocked, id=2472]
  0x016521c0 JavaThread "Timer-5" daemon [_thread_blocked, id=956]
  0x016480b0 JavaThread "Prefs Updater" [_thread_blocked, id=5404]
  0x016231a0 JavaThread "Timer-4" [_thread_blocked, id=1580]
  0x015fa480 JavaThread "Timer-2" daemon [_thread_blocked, id=5136]
  0x015dbd50 JavaThread "TimerQueue" daemon [_thread_blocked, id=4524]
  0x015c4710 JavaThread "AWT-EventQueue-0" [_thread_blocked, id=4348]
  0x015c4b50 JavaThread "AWT-Shutdown" [_thread_blocked, id=3064]
  0x015be320 JavaThread "Java2D Disposer" daemon [_thread_blocked, id=5284]
  0x015ba580 JavaThread "Timer-0" [_thread_blocked, id=5424]
  0x015b9e70 JavaThread "AWT-Windows" daemon [_thread_in_native, id=5480]
  0x015a0630 JavaThread "Low Memory Detector" daemon [_thread_blocked, id=2428]
  0x0159f920 JavaThread "CompilerThread0" daemon [_thread_blocked, id=1628]
  0x0159e7d0 JavaThread "Signal Dispatcher" daemon [_thread_blocked, id=5816]
  0x0159dd30 JavaThread "Finalizer" daemon [_thread_blocked, id=4852]
  0x0159cb50 JavaThread "Reference Handler" daemon [_thread_blocked, id=3848]
  0x01593bf0 JavaThread "main" [_thread_in_native, id=1868]

Other Threads:
  0x0159be50 VMThread [id=4232]
  0x015a3840 WatcherThread [id=6104]

VM state:not at safepoint (normal execution)

VM Mutex/Monitor currently owned by a thread: None

Heap
 def new generation   total 14848K, used 11154K [0x05cd0000, 0x06ce0000, 0x074d0000)
  eden space 13248K,  81% used [0x05cd0000, 0x067535a0, 0x069c0000)
  from space 1600K,  24% used [0x06b50000, 0x06bb12b8, 0x06ce0000)
  to   space 1600K,   0% used [0x069c0000, 0x069c0000, 0x06b50000)
 tenured generation   total 49152K, used 15200K [0x074d0000, 0x0a4d0000, 0x0bcd0000)
   the space 49152K,  30% used [0x074d0000, 0x083a8050, 0x083a8200, 0x0a4d0000)
 compacting perm gen  total 32768K, used 21850K [0x0bcd0000, 0x0dcd0000, 0x0dcd0000)
   the space 32768K,  66% used [0x0bcd0000, 0x0d226b20, 0x0d226c00, 0x0dcd0000)
No shared spaces configured.

Dynamic libraries:
0x00400000 - 0x004ee000 	C:\Program Files\MATLAB\R2007a Student\bin\win32\MATLAB.exe
0x7c900000 - 0x7c9b0000 	C:\WINDOWS\system32\ntdll.dll
0x7c800000 - 0x7c8f5000 	C:\WINDOWS\system32\kernel32.dll
0x78e80000 - 0x79088000 	C:\Program Files\MATLAB\R2007a Student\bin\win32\libmwservices.dll
0x7e410000 - 0x7e4a0000 	C:\WINDOWS\system32\USER32.dll
0x77f10000 - 0x77f57000 	C:\WINDOWS\system32\GDI32.dll
0x763b0000 - 0x763f9000 	C:\WINDOWS\system32\comdlg32.dll
0x77f60000 - 0x77fd6000 	C:\WINDOWS\system32\SHLWAPI.dll
0x77dd0000 - 0x77e6b000 	C:\WINDOWS\system32\ADVAPI32.dll
0x77e70000 - 0x77f02000 	C:\WINDOWS\system32\RPCRT4.dll
0x77fe0000 - 0x77ff1000 	C:\WINDOWS\system32\Secur32.dll
0x77c10000 - 0x77c68000 	C:\WINDOWS\system32\msvcrt.dll
0x5d090000 - 0x5d12a000 	C:\WINDOWS\system32\COMCTL32.dll
0x7c9c0000 - 0x7d1d7000 	C:\WINDOWS\system32\SHELL32.dll
0x78530000 - 0x7857c000 	C:\Program Files\MATLAB\R2007a Student\bin\win32\libmx.dll
0x78200000 - 0x78298000 	C:\Program Files\MATLAB\R2007a Student\bin\win32\icuuc32.dll
0x10000000 - 0x10006000 	C:\Program Files\MATLAB\R2007a Student\bin\win32\icudt32.dll
0x78130000 - 0x781cb000 	C:\WINDOWS\WinSxS\x86_Microsoft.VC80.CRT_1fc8b3b9a1e18e3b_8.0.50727.1433_x-ww_5cf844d2\MSVCR80.dll
0x78460000 - 0x7846e000 	C:\Program Files\MATLAB\R2007a Student\bin\win32\libz.dll
0x78470000 - 0x7852e000 	C:\Program Files\MATLAB\R2007a Student\bin\win32\libut.dll
0x00280000 - 0x00335000 	C:\Program Files\MATLAB\R2007a Student\bin\win32\icuin32.dll
0x00350000 - 0x0035c000 	C:\Program Files\MATLAB\R2007a Student\bin\win32\icuio32.dll
0x7c420000 - 0x7c4a7000 	C:\WINDOWS\WinSxS\x86_Microsoft.VC80.CRT_1fc8b3b9a1e18e3b_8.0.50727.1433_x-ww_5cf844d2\MSVCP80.dll
0x76c90000 - 0x76cb8000 	C:\WINDOWS\system32\imagehlp.dll
0x79730000 - 0x79789000 	C:\Program Files\MATLAB\R2007a Student\bin\win32\libmwmathutil.dll
0x785b0000 - 0x785c8000 	C:\Program Files\MATLAB\R2007a Student\bin\win32\mpath.dll
0x5b860000 - 0x5b8b4000 	C:\WINDOWS\system32\NETAPI32.dll
0x71ab0000 - 0x71ac7000 	C:\WINDOWS\system32\WS2_32.dll
0x71aa0000 - 0x71aa8000 	C:\WINDOWS\system32\WS2HELP.dll
0x79540000 - 0x79575000 	C:\Program Files\MATLAB\R2007a Student\bin\win32\mcr.dll
0x774e0000 - 0x7761d000 	C:\WINDOWS\system32\ole32.dll
0x78580000 - 0x78590000 	C:\Program Files\MATLAB\R2007a Student\bin\win32\libmex.dll
0x78750000 - 0x7879d000 	C:\Program Files\MATLAB\R2007a Student\bin\win32\m_dispatcher.dll
0x782a0000 - 0x7845b000 	C:\Program Files\MATLAB\R2007a Student\bin\win32\xerces-c_2_6.dll
0x78e60000 - 0x78e7c000 	C:\Program Files\MATLAB\R2007a Student\bin\win32\datasvcs.dll
0x79290000 - 0x79353000 	C:\Program Files\MATLAB\R2007a Student\bin\win32\libmwgui.dll
0x786c0000 - 0x78749000 	C:\Program Files\MATLAB\R2007a Student\bin\win32\udd.dll
0x785d0000 - 0x786b5000 	C:\Program Files\MATLAB\R2007a Student\bin\win32\mcos.dll
0x787a0000 - 0x78c01000 	C:\Program Files\MATLAB\R2007a Student\bin\win32\m_interpreter.dll
0x79790000 - 0x79799000 	C:\Program Files\MATLAB\R2007a Student\bin\win32\libmwmathrng.dll
0x78e20000 - 0x78e31000 	C:\Program Files\MATLAB\R2007a Student\bin\win32\m_pcodeio.dll
0x00d30000 - 0x00d3a000 	C:\Program Files\MATLAB\R2007a Student\bin\win32\mtok.dll
0x78c10000 - 0x78db7000 	C:\Program Files\MATLAB\R2007a Student\bin\win32\m_parser.dll
0x78dc0000 - 0x78df1000 	C:\Program Files\MATLAB\R2007a Student\bin\win32\m_ir.dll
0x78e40000 - 0x78e4c000 	C:\Program Files\MATLAB\R2007a Student\bin\win32\ir_xfmr.dll
0x00d80000 - 0x00db0000 	C:\Program Files\MATLAB\R2007a Student\bin\win32\profiler.dll
0x78590000 - 0x785ac000 	C:\Program Files\MATLAB\R2007a Student\bin\win32\libmat.dll
0x00dd0000 - 0x00e98000 	C:\Program Files\MATLAB\R2007a Student\bin\win32\libhdf5.dll
0x78e00000 - 0x78e15000 	C:\Program Files\MATLAB\R2007a Student\bin\win32\m_pcodegen.dll
0x7a020000 - 0x7a038000 	C:\Program Files\MATLAB\R2007a Student\bin\win32\bridge.dll
0x00ec0000 - 0x00ecf000 	C:\Program Files\MATLAB\R2007a Student\bin\win32\iqm.dll
0x79f80000 - 0x79fca000 	C:\Program Files\MATLAB\R2007a Student\bin\win32\comcli.dll
0x77120000 - 0x771ab000 	C:\WINDOWS\system32\OLEAUT32.dll
0x79f40000 - 0x79f77000 	C:\Program Files\MATLAB\R2007a Student\bin\win32\jmi.dll
0x71ad0000 - 0x71ad9000 	C:\WINDOWS\system32\WSOCK32.dll
0x791b0000 - 0x79231000 	C:\Program Files\MATLAB\R2007a Student\bin\win32\uiw.dll
0x79240000 - 0x79273000 	C:\Program Files\MATLAB\R2007a Student\bin\win32\libuij.dll
0x79510000 - 0x7953c000 	C:\Program Files\MATLAB\R2007a Student\bin\win32\libmwhardcopy.dll
0x79280000 - 0x79289000 	C:\Program Files\MATLAB\R2007a Student\bin\win32\uinone.dll
0x00f40000 - 0x0104d000 	C:\WINDOWS\WinSxS\x86_Microsoft.VC80.MFC_1fc8b3b9a1e18e3b_8.0.50727.42_x-ww_dec6ddd2\MFC80.DLL
0x73000000 - 0x73026000 	C:\WINDOWS\system32\WINSPOOL.DRV
0x7c630000 - 0x7c64b000 	C:\WINDOWS\WinSxS\x86_Microsoft.VC80.ATL_1fc8b3b9a1e18e3b_8.0.50727.42_x-ww_6e805841\ATL80.DLL
0x79ec0000 - 0x79ed4000 	C:\Program Files\MATLAB\R2007a Student\bin\win32\mwoles05.DLL
0x79ee0000 - 0x79f3b000 	C:\Program Files\MATLAB\R2007a Student\bin\win32\udd_mi.dll
0x79fd0000 - 0x79fdb000 	C:\Program Files\MATLAB\R2007a Student\bin\win32\mlautoregister.dll
0x79360000 - 0x794c3000 	C:\Program Files\MATLAB\R2007a Student\bin\win32\hg.dll
0x79580000 - 0x79725000 	C:\Program Files\MATLAB\R2007a Student\bin\win32\numerics.dll
0x79dd0000 - 0x79dd7000 	C:\Program Files\MATLAB\R2007a Student\bin\win32\libmwamd.dll
0x79de0000 - 0x79e38000 	C:\Program Files\MATLAB\R2007a Student\bin\win32\libmwcholmod.dll
0x79e40000 - 0x79e47000 	C:\Program Files\MATLAB\R2007a Student\bin\win32\libmwcolamd.dll
0x797a0000 - 0x797c3000 	C:\Program Files\MATLAB\R2007a Student\bin\win32\libmwlapack.dll
0x79810000 - 0x79897000 	C:\Program Files\MATLAB\R2007a Student\bin\win32\libfftw3.dll
0x798a0000 - 0x7993b000 	C:\Program Files\MATLAB\R2007a Student\bin\win32\libfftw3f.dll
0x79e50000 - 0x79ebc000 	C:\Program Files\MATLAB\R2007a Student\bin\win32\libmwumfpack.dll
0x76390000 - 0x763ad000 	C:\WINDOWS\system32\IMM32.DLL
0x629c0000 - 0x629c9000 	C:\WINDOWS\system32\LPK.DLL
0x74d90000 - 0x74dfb000 	C:\WINDOWS\system32\USP10.dll
0x773d0000 - 0x774d3000 	C:\WINDOWS\WinSxS\x86_Microsoft.Windows.Common-Controls_6595b64144ccf1df_6.0.2600.2982_x-ww_ac3f9c03\comctl32.dll
0x5d360000 - 0x5d36e000 	C:\WINDOWS\WinSxS\x86_Microsoft.VC80.MFCLOC_1fc8b3b9a1e18e3b_8.0.50727.42_x-ww_3415f6d0\MFC80ENU.DLL
0x7bdf0000 - 0x7be25000 	C:\Program Files\MATLAB\R2007a Student\bin\win32\libguide40.dll
0x797d0000 - 0x797f8000 	C:\Program Files\MATLAB\R2007a Student\bin\win32\mkl.dll
0x79800000 - 0x79805000 	C:\Program Files\MATLAB\R2007a Student\bin\win32\mklcompat.dll
0x79940000 - 0x79dc3000 	C:\Program Files\MATLAB\R2007a Student\bin\win32\mllapack.dll
0x025c0000 - 0x0266a000 	C:\Program Files\MATLAB\R2007a Student\bin\win32\libifcoremd.dll
0x02670000 - 0x028a0000 	C:\Program Files\MATLAB\R2007a Student\bin\win32\libmmd.dll
0x74720000 - 0x7476b000 	C:\WINDOWS\system32\MSCTF.dll
0x755c0000 - 0x755ee000 	C:\WINDOWS\system32\msctfime.ime
0x6d6c0000 - 0x6d857000 	C:\Program Files\MATLAB\R2007a Student\sys\java\jre\win32\jre1.5.0_07\bin\client\jvm.dll
0x76b40000 - 0x76b6d000 	C:\WINDOWS\system32\WINMM.dll
0x6d280000 - 0x6d288000 	C:\Program Files\MATLAB\R2007a Student\sys\java\jre\win32\jre1.5.0_07\bin\hpi.dll
0x76bf0000 - 0x76bfb000 	C:\WINDOWS\system32\PSAPI.DLL
0x6d690000 - 0x6d69c000 	C:\Program Files\MATLAB\R2007a Student\sys\java\jre\win32\jre1.5.0_07\bin\verify.dll
0x6d300000 - 0x6d31d000 	C:\Program Files\MATLAB\R2007a Student\sys\java\jre\win32\jre1.5.0_07\bin\java.dll
0x6d6b0000 - 0x6d6bf000 	C:\Program Files\MATLAB\R2007a Student\sys\java\jre\win32\jre1.5.0_07\bin\zip.dll
0x6d000000 - 0x6d167000 	C:\Program Files\MATLAB\R2007a Student\sys\java\jre\win32\jre1.5.0_07\bin\awt.dll
0x7b330000 - 0x7b342000 	C:\Program Files\MATLAB\R2007a Student\bin\win32\nativejava.dll
0x0e760000 - 0x0e773000 	C:\Program Files\MATLAB\R2007a Student\bin\win32\nativejmi.dll
0x0e810000 - 0x0e816000 	C:\Program Files\MATLAB\R2007a Student\bin\win32\nativeservices.dll
0x6d240000 - 0x6d27f000 	C:\Program Files\MATLAB\R2007a Student\sys\java\jre\win32\jre1.5.0_07\bin\fontmanager.dll
0x6d4c0000 - 0x6d4d3000 	C:\Program Files\MATLAB\R2007a Student\sys\java\jre\win32\jre1.5.0_07\bin\net.dll
0x6d4e0000 - 0x6d4e9000 	C:\Program Files\MATLAB\R2007a Student\sys\java\jre\win32\jre1.5.0_07\bin\nio.dll
0x0f1b0000 - 0x0f1b7000 	C:\Program Files\MATLAB\R2007a Student\bin\win32\nativemlint.dll
0x0f1d0000 - 0x0f204000 	C:\Program Files\MATLAB\R2007a Student\bin\win32\mlint.dll
0x7b350000 - 0x7b356000 	C:\Program Files\MATLAB\R2007a Student\bin\win32\nativelex.dll
0x0f3d0000 - 0x0f3dc000 	C:\Program Files\MATLAB\R2007a Student\bin\win32\nativecmdwin.dll
0x0f3f0000 - 0x0f410000 	C:\Program Files\Babylon\CAPTLIB.DLL
0x605d0000 - 0x605d9000 	C:\WINDOWS\system32\mslbui.dll
0x6d1c0000 - 0x6d1e3000 	C:\Program Files\MATLAB\R2007a Student\sys\java\jre\win32\jre1.5.0_07\bin\dcpr.dll
0x6a900000 - 0x6a96e000 	C:\WINDOWS\System32\spool\DRIVERS\W32X86\3\IIAAU1DA.DLL
0x77c00000 - 0x77c08000 	C:\WINDOWS\system32\VERSION.dll
0x6b900000 - 0x6b928000 	C:\WINDOWS\System32\spool\DRIVERS\W32X86\3\IIAAU1DL.DLL
0x6c900000 - 0x6c948000 	C:\WINDOWS\System32\spool\DRIVERS\W32X86\3\IIAAU1DF.DLL
0x0f800000 - 0x0f908000 	C:\WINDOWS\System32\spool\DRIVERS\W32X86\3\IIAAU1UI.DLL
0x76380000 - 0x76385000 	C:\WINDOWS\system32\MSIMG32.dll
0x79090000 - 0x791a3000 	C:\Program Files\MATLAB\R2007a Student\bin\win32\libmwbuiltins.dll
0x77b40000 - 0x77b62000 	C:\WINDOWS\system32\Apphelp.dll
0x77920000 - 0x77a13000 	C:\WINDOWS\system32\SETUPAPI.dll
0x769c0000 - 0x76a73000 	C:\WINDOWS\system32\USERENV.dll
0x76fd0000 - 0x7704f000 	C:\WINDOWS\system32\CLBCATQ.DLL
0x77050000 - 0x77115000 	C:\WINDOWS\system32\COMRes.dll
0x77a20000 - 0x77a74000 	C:\WINDOWS\System32\cscui.dll
0x76600000 - 0x7661d000 	C:\WINDOWS\System32\CSCDLL.dll
0x0f170000 - 0x0f183000 	C:\Program Files\MATLAB\R2007a Student\bin\win32\hgbuiltins.dll
0x10870000 - 0x1087c000 	C:\Program Files\MATLAB\R2007a Student\toolbox\matlab\graph2d\private\lineseriesmex.mexw32
0x10890000 - 0x10898000 	C:\Program Files\MATLAB\R2007a Student\bin\win32\nativehg.dll
0x6d360000 - 0x6d366000 	C:\Program Files\MATLAB\R2007a Student\sys\java\jre\win32\jre1.5.0_07\bin\jawt.dll
0x10ee0000 - 0x10ee7000 	C:\Program Files\MATLAB\R2007a Student\toolbox\matlab\datafun\sortrowsc.mexw32
0x76990000 - 0x769b5000 	C:\WINDOWS\system32\ntshrui.dll

VM Arguments:
jvm_args: -Xss512k -XX:PermSize=32M -Xms64m -XX:NewRatio=3 -XX:MaxPermSize=32M -Xmx96m -Dsun.java2d.noddraw=true -Dsun.awt.nopixfmt=true -Xshare:off -Djava.library.path=C:\Program Files\MATLAB\R2007a Student\bin\win32 vfprintf abort
java_command: <unknown>
Launcher Type: generic

Environment Variables:
JAVA_HOME=C:\java\java50
CLASSPATH=.;C:\PROGRA~1\IBM\SQLLIB\java\db2java.zip;C:\PROGRA~1\IBM\SQLLIB\java\db2jcc.jar;C:\PROGRA~1\IBM\SQLLIB\java\sqlj.zip;C:\PROGRA~1\IBM\SQLLIB\java\db2jcc_license_cu.jar;C:\PROGRA~1\IBM\SQLLIB\bin;C:\PROGRA~1\IBM\SQLLIB\java\common.jar
PATH=C:\java\java50\bin;C:\WINDOWS\system32;C:\WINDOWS;C:\WINDOWS\system32\wbem;c:\program files\intel\wireless\bin\;c:\program files\thinkpad\connectutilities;c:\program files\ibm\infoprint select;c:\progra~1\ibm\sqllib\bin;c:\progra~1\ibm\sqllib\function;c:\progra~1\ibm\sqllib\samples\repl;C:\Program Files\MATLAB\R2007a Student\bin;C:\Program Files\MATLAB\R2007a Student\bin\win32;
USERNAME=yoav
OS=Windows_NT
PROCESSOR_IDENTIFIER=x86 Family 6 Model 15 Stepping 11, GenuineIntel



---------------  S Y S T E M  ---------------

OS: Windows XP Build 2600 Service Pack 2

CPU:total 2 family 6, cmov, cx8, fxsr, mmx, sse, sse2, ht

Memory: 4k page, physical 2078948k(352236k free), swap 4194303k(3248316k free)

vm_info: Java HotSpot(TM) Client VM (1.5.0_07-b03) for windows-x86, built on May  3 2006 01:04:38 by "java_re" with MS VC++ 6.0

